2026-04-16 01:14:31,094 - INFO - Starting route server.
2026-04-16 01:14:31,094 - INFO - Counting routes ...
2026-04-16 01:14:31,323 - INFO - Route count: 609297
Loading airlines ... Airlines count:  5954
2026-04-16 01:14:31,337 - INFO - Listening on port 8080, awaiting requests.
{
  "plausible": true,
  "overallScore": 92,
  "headingScore": 82,
  "progressScore": 100,
  "deviationScore": 97,
  "metrics": {
    "aircraftHeading": 95.3,
    "bearingToDestination": 79,
    "bearingPlannedRoute": 90,
    "headingErrorFromRoute": 5,
    "headingErrorToCurrent": 17,
    "distanceRemaining": 13,
    "distanceTotal": 697,
    "progressPercent": 98
  }
}
2026-04-16 01:17:40,567 - INFO - 01:17:40: 10.100.100.163  - WMT307    : BGY -> BBU - Wizz Air Malta
{
  "plausible": true,
  "overallScore": 96,
  "headingScore": 95,
  "progressScore": 100,
  "deviationScore": 90,
  "metrics": {
    "aircraftHeading": 98.62222222222222,
    "bearingToDestination": 104,
    "bearingPlannedRoute": 81,
    "headingErrorFromRoute": 17,
    "headingErrorToCurrent": -5,
    "distanceRemaining": 51,
    "distanceTotal": 1139,
    "progressPercent": 95
  }
}
2026-04-16 01:17:41,582 - INFO - 01:17:41: 10.100.100.163  - WMT9NT    : BOD -> OTP - Wizz Air Malta
{
  "plausible": false,
  "overallScore": 44,
  "headingScore": 0,
  "progressScore": 100,
  "deviationScore": 19,
  "metrics": {
    "aircraftHeading": 116.91111111111111,
    "bearingToDestination": 300,
    "bearingPlannedRoute": 331,
    "headingErrorFromRoute": 146,
    "headingErrorToCurrent": 177,
    "distanceRemaining": 730,
    "distanceTotal": 5059,
    "progressPercent": 86
  }
}
2026-04-16 01:17:41,582 - INFO - 01:17:41: 10.100.100.163  - GEC8384   : FRA -> NRT - Lufthansa Cargo
{
  "plausible": true,
  "overallScore": 79,
  "headingScore": 80,
  "progressScore": 73,
  "deviationScore": 88,
  "metrics": {
    "aircraftHeading": 120.73333333333333,
    "bearingToDestination": 103,
    "bearingPlannedRoute": 98,
    "headingErrorFromRoute": 22,
    "headingErrorToCurrent": 18,
    "distanceRemaining": 905,
    "distanceTotal": 1773,
    "progressPercent": 49
  }
}
2026-04-16 01:17:41,582 - INFO - 01:17:41: 10.100.100.163  - FIE778    : AMS -> EVN - FlyOne Armenia
{
  "plausible": true,
  "overallScore": 97,
  "headingScore": 96,
  "progressScore": 100,
  "deviationScore": 92,
  "metrics": {
    "aircraftHeading": 101.06666666666666,
    "bearingToDestination": 105,
    "bearingPlannedRoute": 86,
    "headingErrorFromRoute": 15,
    "headingErrorToCurrent": -4,
    "distanceRemaining": 41,
    "distanceTotal": 784,
    "progressPercent": 95
  }
}
2026-04-16 01:17:41,583 - INFO - 01:17:41: 10.100.100.163  - WMT2EE    : TRN -> OTP - Wizz Air Malta
2026-04-16 01:17:41,583 - INFO - 01:17:41: 10.100.100.163  - ABB854    : xxx -> xxx - Air Belgium
{
  "plausible": true,
  "overallScore": 56,
  "headingScore": 20,
  "progressScore": 83,
  "deviationScore": 75,
  "metrics": {
    "aircraftHeading": 319.94444444444446,
    "bearingToDestination": 32,
    "bearingPlannedRoute": 4,
    "headingErrorFromRoute": -44,
    "headingErrorToCurrent": -72,
    "distanceRemaining": 761,
    "distanceTotal": 1713,
    "progressPercent": 56
  }
}
2026-04-16 01:17:41,583 - INFO - 01:17:41: 10.100.100.163  - NMA602    : HRG -> VKO - Nesma Airlines
{
  "plausible": true,
  "overallScore": 93,
  "headingScore": 83,
  "progressScore": 100,
  "deviationScore": 98,
  "metrics": {
    "aircraftHeading": 116.75555555555556,
    "bearingToDestination": 101,
    "bearingPlannedRoute": 120,
    "headingErrorFromRoute": -3,
    "headingErrorToCurrent": 15,
    "distanceRemaining": 24,
    "distanceTotal": 584,
    "progressPercent": 96
  }
}
2026-04-16 01:17:41,584 - INFO - 01:17:41: 10.100.100.163  - WMT2535   : PRG -> OTP - Wizz Air Malta
{
  "plausible": true,
  "overallScore": 95,
  "headingScore": 94,
  "progressScore": 100,
  "deviationScore": 85,
  "metrics": {
    "aircraftHeading": 83.62222222222222,
    "bearingToDestination": 89,
    "bearingPlannedRoute": 110,
    "headingErrorFromRoute": -27,
    "headingErrorToCurrent": -6,
    "distanceRemaining": 4,
    "distanceTotal": 963,
    "progressPercent": 100
  }
}
2026-04-16 01:17:41,584 - INFO - 01:17:41: 10.100.100.163  - KLM1377   : AMS -> OTP - KLM
{
  "plausible": true,
  "overallScore": 67,
  "headingScore": 64,
  "progressScore": 100,
  "deviationScore": 9,
  "metrics": {
    "aircraftHeading": 264.4,
    "bearingToDestination": 232,
    "bearingPlannedRoute": 101,
    "headingErrorFromRoute": 164,
    "headingErrorToCurrent": 32,
    "distanceRemaining": 0,
    "distanceTotal": 1137,
    "progressPercent": 100
  }
}
2026-04-16 01:17:41,585 - INFO - 01:17:41: 10.100.100.163  - BAW878    : LHR -> OTP - British Airways
{
  "plausible": false,
  "overallScore": 42,
  "headingScore": 0,
  "progressScore": 100,
  "deviationScore": 9,
  "metrics": {
    "aircraftHeading": 130.9111111111111,
    "bearingToDestination": 335,
    "bearingPlannedRoute": 327,
    "headingErrorFromRoute": 164,
    "headingErrorToCurrent": 156,
    "distanceRemaining": 432,
    "distanceTotal": 4651,
    "progressPercent": 91
  }
}
2026-04-16 01:17:41,585 - INFO - 01:17:41: 10.100.100.163  - LOT79     : WAW -> NRT - LOT Polish Airlines
{
  "plausible": false,
  "overallScore": 42,
  "headingScore": 0,
  "progressScore": 100,
  "deviationScore": 10,
  "metrics": {
    "aircraftHeading": 123,
    "bearingToDestination": 282,
    "bearingPlannedRoute": 321,
    "headingErrorFromRoute": 162,
    "headingErrorToCurrent": -159,
    "distanceRemaining": 677,
    "distanceTotal": 4793,
    "progressPercent": 86
  }
}
2026-04-16 01:17:41,585 - INFO - 01:17:41: 10.100.100.163  - KAL928    : MXP -> ICN - Korean Air
{
  "plausible": true,
  "overallScore": 96,
  "headingScore": 92,
  "progressScore": 100,
  "deviationScore": 98,
  "metrics": {
    "aircraftHeading": 157.73333333333332,
    "bearingToDestination": 151,
    "bearingPlannedRoute": 154,
    "headingErrorFromRoute": 4,
    "headingErrorToCurrent": 7,
    "distanceRemaining": 94,
    "distanceTotal": 500,
    "progressPercent": 81
  }
}
2026-04-16 01:17:41,586 - INFO - 01:17:41: 10.100.100.163  - LOT6RF    : WAW -> OTP - LOT Polish Airlines
2026-04-16 01:17:41,586 - INFO - 01:17:41: 10.100.100.163  - TKJ8MY    : xxx -> xxx - AJet
{
  "plausible": true,
  "overallScore": 54,
  "headingScore": 75,
  "progressScore": 22,
  "deviationScore": 78,
  "metrics": {
    "aircraftHeading": 117.88888888888889,
    "bearingToDestination": 95,
    "bearingPlannedRoute": 78,
    "headingErrorFromRoute": 40,
    "headingErrorToCurrent": 23,
    "distanceRemaining": 5003,
    "distanceTotal": 5877,
    "progressPercent": 15
  }
}
2026-04-16 01:17:45,785 - INFO - 01:17:45: 10.100.100.163  - QFA2      : LHR -> SYD - Qantas
{
  "plausible": false,
  "overallScore": 43,
  "headingScore": 0,
  "progressScore": 100,
  "deviationScore": 17,
  "metrics": {
    "aircraftHeading": 108.26666666666667,
    "bearingToDestination": 285,
    "bearingPlannedRoute": 319,
    "headingErrorFromRoute": 149,
    "headingErrorToCurrent": -177,
    "distanceRemaining": 584,
    "distanceTotal": 5011,
    "progressPercent": 88
  }
}
2026-04-16 01:17:45,785 - INFO - 01:17:45: 10.100.100.163  - SWR138    : ZRH -> HKG - Swiss
2026-04-16 01:17:45,785 - INFO - 01:17:45: 10.100.100.163  - PGT56GL   : xxx -> xxx - Pegasus Airlines
{
  "plausible": true,
  "overallScore": 88,
  "headingScore": 99,
  "progressScore": 72,
  "deviationScore": 98,
  "metrics": {
    "aircraftHeading": 348.8222222222222,
    "bearingToDestination": 349,
    "bearingPlannedRoute": 352,
    "headingErrorFromRoute": -3,
    "headingErrorToCurrent": -1,
    "distanceRemaining": 460,
    "distanceTotal": 882,
    "progressPercent": 48
  }
}
2026-04-16 01:17:45,786 - INFO - 01:17:45: 10.100.100.163  - WZZ18TW   : ATH -> WMI - Wizz Air
{
  "plausible": true,
  "overallScore": 56,
  "headingScore": 61,
  "progressScore": 35,
  "deviationScore": 87,
  "metrics": {
    "aircraftHeading": 136.22222222222223,
    "bearingToDestination": 101,
    "bearingPlannedRoute": 113,
    "headingErrorFromRoute": 23,
    "headingErrorToCurrent": 36,
    "distanceRemaining": 891,
    "distanceTotal": 1160,
    "progressPercent": 23
  }
}
2026-04-16 01:17:45,786 - INFO - 01:17:45: 10.100.100.163  - LOT7CJ    : WAW -> TBS - LOT Polish Airlines
{
  "plausible": true,
  "overallScore": 90,
  "headingScore": 94,
  "progressScore": 84,
  "deviationScore": 95,
  "metrics": {
    "aircraftHeading": 308.7888888888889,
    "bearingToDestination": 303,
    "bearingPlannedRoute": 318,
    "headingErrorFromRoute": -9,
    "headingErrorToCurrent": 5,
    "distanceRemaining": 504,
    "distanceTotal": 1142,
    "progressPercent": 56
  }
}
2026-04-16 01:17:49,932 - INFO - 01:17:49: 10.100.100.163  - SXS3DZ    : AYT -> NUE - SunExpress
{
  "plausible": true,
  "overallScore": 67,
  "headingScore": 56,
  "progressScore": 69,
  "deviationScore": 86,
  "metrics": {
    "aircraftHeading": 326.72222222222223,
    "bearingToDestination": 6,
    "bearingPlannedRoute": 352,
    "headingErrorFromRoute": -25,
    "headingErrorToCurrent": -39,
    "distanceRemaining": 738,
    "distanceTotal": 1371,
    "progressPercent": 46
  }
}
2026-04-16 01:17:49,933 - INFO - 01:17:49: 10.100.100.163  - SXS8SD    : AYT -> TLL - SunExpress
{
  "plausible": true,
  "overallScore": 69,
  "headingScore": 52,
  "progressScore": 79,
  "deviationScore": 83,
  "metrics": {
    "aircraftHeading": 318.6111111111111,
    "bearingToDestination": 2,
    "bearingPlannedRoute": 349,
    "headingErrorFromRoute": -31,
    "headingErrorToCurrent": -44,
    "distanceRemaining": 587,
    "distanceTotal": 1233,
    "progressPercent": 52
  }
}
2026-04-16 01:17:49,933 - INFO - 01:17:49: 10.100.100.163  - FHY727    : AYT -> RIX - Freebird Airlines
{
  "plausible": true,
  "overallScore": 67,
  "headingScore": 31,
  "progressScore": 100,
  "deviationScore": 76,
  "metrics": {
    "aircraftHeading": 106.64444444444445,
    "bearingToDestination": 169,
    "bearingPlannedRoute": 63,
    "headingErrorFromRoute": 43,
    "headingErrorToCurrent": -63,
    "distanceRemaining": 12,
    "distanceTotal": 985,
    "progressPercent": 99
  }
}
2026-04-16 01:17:49,933 - INFO - 01:17:49: 10.100.100.163  - WMT6UU    : BCN -> CLJ - Wizz Air Malta
WMT761 plausible in reverse leg
{
  "plausible": true,
  "overallScore": 55,
  "headingScore": 90,
  "progressScore": 0,
  "deviationScore": 95,
  "metrics": {
    "aircraftHeading": 253.12222222222223,
    "bearingToDestination": 262,
    "bearingPlannedRoute": 262,
    "headingErrorFromRoute": -9,
    "headingErrorToCurrent": -9,
    "distanceRemaining": 1235,
    "distanceTotal": 1236,
    "progressPercent": 0
  }
}
2026-04-16 01:17:49,934 - INFO - 01:17:49: 10.100.100.163  - WMT761    : MAD -> CLJ - Wizz Air Malta
LOT5HA plausible in reverse leg
{
  "plausible": true,
  "overallScore": 64,
  "headingScore": 81,
  "progressScore": 35,
  "deviationScore": 90,
  "metrics": {
    "aircraftHeading": 129.63333333333333,
    "bearingToDestination": 147,
    "bearingPlannedRoute": 148,
    "headingErrorFromRoute": -18,
    "headingErrorToCurrent": -17,
    "distanceRemaining": 1039,
    "distanceTotal": 1354,
    "progressPercent": 23
  }
}
2026-04-16 01:17:49,934 - INFO - 01:17:49: 10.100.100.163  - LOT5HA    : TLV -> WAW - LOT Polish Airlines
----------------------------------------
Exception occurred during processing of request from ('10.100.100.163', 53342)
Traceback (most recent call last):
  File "/usr/lib/python3.13/socketserver.py", line 697, in process_request_thread
    self.finish_request(request, client_address)
    ~~~~~~~~~~~~~~~~~~~^^^^^^^^^^^^^^^^^^^^^^^^^
  File "/usr/lib/python3.13/socketserver.py", line 362, in finish_request
    self.RequestHandlerClass(request, client_address, self)
    ~~~~~~~~~~~~~~~~~~~~~~~~^^^^^^^^^^^^^^^^^^^^^^^^^^^^^^^
  File "/usr/lib/python3.13/http/server.py", line 672, in __init__
    super().__init__(*args, **kwargs)
    ~~~~~~~~~~~~~~~~^^^^^^^^^^^^^^^^^
  File "/usr/lib/python3.13/socketserver.py", line 766, in __init__
    self.handle()
    ~~~~~~~~~~~^^
  File "/usr/lib/python3.13/http/server.py", line 436, in handle
    self.handle_one_request()
    ~~~~~~~~~~~~~~~~~~~~~~~^^
  File "/usr/lib/python3.13/http/server.py", line 424, in handle_one_request
    method()
    ~~~~~~^^
  File "/home/ionut/src/3d_tar1090/routes/./route_server", line 163, in do_POST
    ok, route, rtr, al = self.searchRoute(callsign, lat, lon, trk)
                         ~~~~~~~~~~~~~~~~^^^^^^^^^^^^^^^^^^^^^^^^^
  File "/home/ionut/src/3d_tar1090/routes/./route_server", line 126, in searchRoute
    response["plausible"] = calc_plausible(response, float(lat), float(lon), trk)
                            ~~~~~~~~~~~~~~^^^^^^^^^^^^^^^^^^^^^^^^^^^^^^^^^^^^^^^
  File "/home/ionut/src/3d_tar1090/routes/./route_server", line 75, in calc_plausible
    pls = assess_route_plausibility(round(lat, 3), round(lng, 3), trk, round(a["lat"], 3), round(a["lon"], 3), round(b["lat"], 3), round(b["lon"], 3))
  File "/home/ionut/src/3d_tar1090/routes/plausible.py", line 48, in assess_route_plausibility
    heading_error_direct = normalize_heading_diff(aircraft_heading - bearing_origin_to_dest)
                                                  ~~~~~~~~~~~~~~~~~^~~~~~~~~~~~~~~~~~~~~~~~
TypeError: unsupported operand type(s) for -: 'NoneType' and 'float'
----------------------------------------
----------------------------------------
Exception occurred during processing of request from ('10.100.100.163', 34506)
Traceback (most recent call last):
  File "/usr/lib/python3.13/socketserver.py", line 697, in process_request_thread
    self.finish_request(request, client_address)
    ~~~~~~~~~~~~~~~~~~~^^^^^^^^^^^^^^^^^^^^^^^^^
  File "/usr/lib/python3.13/socketserver.py", line 362, in finish_request
    self.RequestHandlerClass(request, client_address, self)
    ~~~~~~~~~~~~~~~~~~~~~~~~^^^^^^^^^^^^^^^^^^^^^^^^^^^^^^^
  File "/usr/lib/python3.13/http/server.py", line 672, in __init__
    super().__init__(*args, **kwargs)
    ~~~~~~~~~~~~~~~~^^^^^^^^^^^^^^^^^
  File "/usr/lib/python3.13/socketserver.py", line 766, in __init__
    self.handle()
    ~~~~~~~~~~~^^
  File "/usr/lib/python3.13/http/server.py", line 436, in handle
    self.handle_one_request()
    ~~~~~~~~~~~~~~~~~~~~~~~^^
  File "/usr/lib/python3.13/http/server.py", line 424, in handle_one_request
    method()
    ~~~~~~^^
  File "/home/ionut/src/3d_tar1090/routes/./route_server", line 163, in do_POST
    ok, route, rtr, al = self.searchRoute(callsign, lat, lon, trk)
                         ~~~~~~~~~~~~~~~~^^^^^^^^^^^^^^^^^^^^^^^^^
  File "/home/ionut/src/3d_tar1090/routes/./route_server", line 126, in searchRoute
    response["plausible"] = calc_plausible(response, float(lat), float(lon), trk)
                            ~~~~~~~~~~~~~~^^^^^^^^^^^^^^^^^^^^^^^^^^^^^^^^^^^^^^^
  File "/home/ionut/src/3d_tar1090/routes/./route_server", line 75, in calc_plausible
    pls = assess_route_plausibility(round(lat, 3), round(lng, 3), trk, round(a["lat"], 3), round(a["lon"], 3), round(b["lat"], 3), round(b["lon"], 3))
  File "/home/ionut/src/3d_tar1090/routes/plausible.py", line 48, in assess_route_plausibility
    heading_error_direct = normalize_heading_diff(aircraft_heading - bearing_origin_to_dest)
                                                  ~~~~~~~~~~~~~~~~~^~~~~~~~~~~~~~~~~~~~~~~~
TypeError: unsupported operand type(s) for -: 'NoneType' and 'float'
----------------------------------------
----------------------------------------
Exception occurred during processing of request from ('10.100.100.163', 36040)
Traceback (most recent call last):
  File "/usr/lib/python3.13/socketserver.py", line 697, in process_request_thread
    self.finish_request(request, client_address)
    ~~~~~~~~~~~~~~~~~~~^^^^^^^^^^^^^^^^^^^^^^^^^
  File "/usr/lib/python3.13/socketserver.py", line 362, in finish_request
    self.RequestHandlerClass(request, client_address, self)
    ~~~~~~~~~~~~~~~~~~~~~~~~^^^^^^^^^^^^^^^^^^^^^^^^^^^^^^^
  File "/usr/lib/python3.13/http/server.py", line 672, in __init__
    super().__init__(*args, **kwargs)
    ~~~~~~~~~~~~~~~~^^^^^^^^^^^^^^^^^
  File "/usr/lib/python3.13/socketserver.py", line 766, in __init__
    self.handle()
    ~~~~~~~~~~~^^
  File "/usr/lib/python3.13/http/server.py", line 436, in handle
    self.handle_one_request()
    ~~~~~~~~~~~~~~~~~~~~~~~^^
  File "/usr/lib/python3.13/http/server.py", line 424, in handle_one_request
    method()
    ~~~~~~^^
  File "/home/ionut/src/3d_tar1090/routes/./route_server", line 163, in do_POST
    ok, route, rtr, al = self.searchRoute(callsign, lat, lon, trk)
                         ~~~~~~~~~~~~~~~~^^^^^^^^^^^^^^^^^^^^^^^^^
  File "/home/ionut/src/3d_tar1090/routes/./route_server", line 126, in searchRoute
    response["plausible"] = calc_plausible(response, float(lat), float(lon), trk)
                            ~~~~~~~~~~~~~~^^^^^^^^^^^^^^^^^^^^^^^^^^^^^^^^^^^^^^^
  File "/home/ionut/src/3d_tar1090/routes/./route_server", line 75, in calc_plausible
    pls = assess_route_plausibility(round(lat, 3), round(lng, 3), trk, round(a["lat"], 3), round(a["lon"], 3), round(b["lat"], 3), round(b["lon"], 3))
  File "/home/ionut/src/3d_tar1090/routes/plausible.py", line 48, in assess_route_plausibility
    heading_error_direct = normalize_heading_diff(aircraft_heading - bearing_origin_to_dest)
                                                  ~~~~~~~~~~~~~~~~~^~~~~~~~~~~~~~~~~~~~~~~~
TypeError: unsupported operand type(s) for -: 'NoneType' and 'float'
----------------------------------------
----------------------------------------
Exception occurred during processing of request from ('10.100.100.163', 44142)
Traceback (most recent call last):
  File "/usr/lib/python3.13/socketserver.py", line 697, in process_request_thread
    self.finish_request(request, client_address)
    ~~~~~~~~~~~~~~~~~~~^^^^^^^^^^^^^^^^^^^^^^^^^
  File "/usr/lib/python3.13/socketserver.py", line 362, in finish_request
    self.RequestHandlerClass(request, client_address, self)
    ~~~~~~~~~~~~~~~~~~~~~~~~^^^^^^^^^^^^^^^^^^^^^^^^^^^^^^^
  File "/usr/lib/python3.13/http/server.py", line 672, in __init__
    super().__init__(*args, **kwargs)
    ~~~~~~~~~~~~~~~~^^^^^^^^^^^^^^^^^
  File "/usr/lib/python3.13/socketserver.py", line 766, in __init__
    self.handle()
    ~~~~~~~~~~~^^
  File "/usr/lib/python3.13/http/server.py", line 436, in handle
    self.handle_one_request()
    ~~~~~~~~~~~~~~~~~~~~~~~^^
  File "/usr/lib/python3.13/http/server.py", line 424, in handle_one_request
    method()
    ~~~~~~^^
  File "/home/ionut/src/3d_tar1090/routes/./route_server", line 163, in do_POST
    ok, route, rtr, al = self.searchRoute(callsign, lat, lon, trk)
                         ~~~~~~~~~~~~~~~~^^^^^^^^^^^^^^^^^^^^^^^^^
  File "/home/ionut/src/3d_tar1090/routes/./route_server", line 126, in searchRoute
    response["plausible"] = calc_plausible(response, float(lat), float(lon), trk)
                            ~~~~~~~~~~~~~~^^^^^^^^^^^^^^^^^^^^^^^^^^^^^^^^^^^^^^^
  File "/home/ionut/src/3d_tar1090/routes/./route_server", line 75, in calc_plausible
    pls = assess_route_plausibility(round(lat, 3), round(lng, 3), trk, round(a["lat"], 3), round(a["lon"], 3), round(b["lat"], 3), round(b["lon"], 3))
  File "/home/ionut/src/3d_tar1090/routes/plausible.py", line 48, in assess_route_plausibility
    heading_error_direct = normalize_heading_diff(aircraft_heading - bearing_origin_to_dest)
                                                  ~~~~~~~~~~~~~~~~~^~~~~~~~~~~~~~~~~~~~~~~~
TypeError: unsupported operand type(s) for -: 'NoneType' and 'float'
----------------------------------------
----------------------------------------
Exception occurred during processing of request from ('10.100.100.163', 39814)
Traceback (most recent call last):
  File "/usr/lib/python3.13/socketserver.py", line 697, in process_request_thread
    self.finish_request(request, client_address)
    ~~~~~~~~~~~~~~~~~~~^^^^^^^^^^^^^^^^^^^^^^^^^
  File "/usr/lib/python3.13/socketserver.py", line 362, in finish_request
    self.RequestHandlerClass(request, client_address, self)
    ~~~~~~~~~~~~~~~~~~~~~~~~^^^^^^^^^^^^^^^^^^^^^^^^^^^^^^^
  File "/usr/lib/python3.13/http/server.py", line 672, in __init__
    super().__init__(*args, **kwargs)
    ~~~~~~~~~~~~~~~~^^^^^^^^^^^^^^^^^
  File "/usr/lib/python3.13/socketserver.py", line 766, in __init__
    self.handle()
    ~~~~~~~~~~~^^
  File "/usr/lib/python3.13/http/server.py", line 436, in handle
    self.handle_one_request()
    ~~~~~~~~~~~~~~~~~~~~~~~^^
  File "/usr/lib/python3.13/http/server.py", line 424, in handle_one_request
    method()
    ~~~~~~^^
  File "/home/ionut/src/3d_tar1090/routes/./route_server", line 163, in do_POST
    ok, route, rtr, al = self.searchRoute(callsign, lat, lon, trk)
                         ~~~~~~~~~~~~~~~~^^^^^^^^^^^^^^^^^^^^^^^^^
  File "/home/ionut/src/3d_tar1090/routes/./route_server", line 126, in searchRoute
    response["plausible"] = calc_plausible(response, float(lat), float(lon), trk)
                            ~~~~~~~~~~~~~~^^^^^^^^^^^^^^^^^^^^^^^^^^^^^^^^^^^^^^^
  File "/home/ionut/src/3d_tar1090/routes/./route_server", line 75, in calc_plausible
    pls = assess_route_plausibility(round(lat, 3), round(lng, 3), trk, round(a["lat"], 3), round(a["lon"], 3), round(b["lat"], 3), round(b["lon"], 3))
  File "/home/ionut/src/3d_tar1090/routes/plausible.py", line 48, in assess_route_plausibility
    heading_error_direct = normalize_heading_diff(aircraft_heading - bearing_origin_to_dest)
                                                  ~~~~~~~~~~~~~~~~~^~~~~~~~~~~~~~~~~~~~~~~~
TypeError: unsupported operand type(s) for -: 'NoneType' and 'float'
----------------------------------------
----------------------------------------
Exception occurred during processing of request from ('10.100.100.163', 36160)
Traceback (most recent call last):
  File "/usr/lib/python3.13/socketserver.py", line 697, in process_request_thread
    self.finish_request(request, client_address)
    ~~~~~~~~~~~~~~~~~~~^^^^^^^^^^^^^^^^^^^^^^^^^
  File "/usr/lib/python3.13/socketserver.py", line 362, in finish_request
    self.RequestHandlerClass(request, client_address, self)
    ~~~~~~~~~~~~~~~~~~~~~~~~^^^^^^^^^^^^^^^^^^^^^^^^^^^^^^^
  File "/usr/lib/python3.13/http/server.py", line 672, in __init__
    super().__init__(*args, **kwargs)
    ~~~~~~~~~~~~~~~~^^^^^^^^^^^^^^^^^
  File "/usr/lib/python3.13/socketserver.py", line 766, in __init__
    self.handle()
    ~~~~~~~~~~~^^
  File "/usr/lib/python3.13/http/server.py", line 436, in handle
    self.handle_one_request()
    ~~~~~~~~~~~~~~~~~~~~~~~^^
  File "/usr/lib/python3.13/http/server.py", line 424, in handle_one_request
    method()
    ~~~~~~^^
  File "/home/ionut/src/3d_tar1090/routes/./route_server", line 163, in do_POST
    ok, route, rtr, al = self.searchRoute(callsign, lat, lon, trk)
                         ~~~~~~~~~~~~~~~~^^^^^^^^^^^^^^^^^^^^^^^^^
  File "/home/ionut/src/3d_tar1090/routes/./route_server", line 126, in searchRoute
    response["plausible"] = calc_plausible(response, float(lat), float(lon), trk)
                            ~~~~~~~~~~~~~~^^^^^^^^^^^^^^^^^^^^^^^^^^^^^^^^^^^^^^^
  File "/home/ionut/src/3d_tar1090/routes/./route_server", line 75, in calc_plausible
    pls = assess_route_plausibility(round(lat, 3), round(lng, 3), trk, round(a["lat"], 3), round(a["lon"], 3), round(b["lat"], 3), round(b["lon"], 3))
  File "/home/ionut/src/3d_tar1090/routes/plausible.py", line 48, in assess_route_plausibility
    heading_error_direct = normalize_heading_diff(aircraft_heading - bearing_origin_to_dest)
                                                  ~~~~~~~~~~~~~~~~~^~~~~~~~~~~~~~~~~~~~~~~~
TypeError: unsupported operand type(s) for -: 'NoneType' and 'float'
----------------------------------------
----------------------------------------
Exception occurred during processing of request from ('10.100.100.163', 54400)
Traceback (most recent call last):
  File "/usr/lib/python3.13/socketserver.py", line 697, in process_request_thread
    self.finish_request(request, client_address)
    ~~~~~~~~~~~~~~~~~~~^^^^^^^^^^^^^^^^^^^^^^^^^
  File "/usr/lib/python3.13/socketserver.py", line 362, in finish_request
    self.RequestHandlerClass(request, client_address, self)
    ~~~~~~~~~~~~~~~~~~~~~~~~^^^^^^^^^^^^^^^^^^^^^^^^^^^^^^^
  File "/usr/lib/python3.13/http/server.py", line 672, in __init__
    super().__init__(*args, **kwargs)
    ~~~~~~~~~~~~~~~~^^^^^^^^^^^^^^^^^
  File "/usr/lib/python3.13/socketserver.py", line 766, in __init__
    self.handle()
    ~~~~~~~~~~~^^
  File "/usr/lib/python3.13/http/server.py", line 436, in handle
    self.handle_one_request()
    ~~~~~~~~~~~~~~~~~~~~~~~^^
  File "/usr/lib/python3.13/http/server.py", line 424, in handle_one_request
    method()
    ~~~~~~^^
  File "/home/ionut/src/3d_tar1090/routes/./route_server", line 163, in do_POST
    ok, route, rtr, al = self.searchRoute(callsign, lat, lon, trk)
                         ~~~~~~~~~~~~~~~~^^^^^^^^^^^^^^^^^^^^^^^^^
  File "/home/ionut/src/3d_tar1090/routes/./route_server", line 126, in searchRoute
    response["plausible"] = calc_plausible(response, float(lat), float(lon), trk)
                            ~~~~~~~~~~~~~~^^^^^^^^^^^^^^^^^^^^^^^^^^^^^^^^^^^^^^^
  File "/home/ionut/src/3d_tar1090/routes/./route_server", line 75, in calc_plausible
    pls = assess_route_plausibility(round(lat, 3), round(lng, 3), trk, round(a["lat"], 3), round(a["lon"], 3), round(b["lat"], 3), round(b["lon"], 3))
  File "/home/ionut/src/3d_tar1090/routes/plausible.py", line 48, in assess_route_plausibility
    heading_error_direct = normalize_heading_diff(aircraft_heading - bearing_origin_to_dest)
                                                  ~~~~~~~~~~~~~~~~~^~~~~~~~~~~~~~~~~~~~~~~~
TypeError: unsupported operand type(s) for -: 'NoneType' and 'float'
----------------------------------------
----------------------------------------
Exception occurred during processing of request from ('10.100.100.163', 58944)
Traceback (most recent call last):
  File "/usr/lib/python3.13/socketserver.py", line 697, in process_request_thread
    self.finish_request(request, client_address)
    ~~~~~~~~~~~~~~~~~~~^^^^^^^^^^^^^^^^^^^^^^^^^
  File "/usr/lib/python3.13/socketserver.py", line 362, in finish_request
    self.RequestHandlerClass(request, client_address, self)
    ~~~~~~~~~~~~~~~~~~~~~~~~^^^^^^^^^^^^^^^^^^^^^^^^^^^^^^^
  File "/usr/lib/python3.13/http/server.py", line 672, in __init__
    super().__init__(*args, **kwargs)
    ~~~~~~~~~~~~~~~~^^^^^^^^^^^^^^^^^
  File "/usr/lib/python3.13/socketserver.py", line 766, in __init__
    self.handle()
    ~~~~~~~~~~~^^
  File "/usr/lib/python3.13/http/server.py", line 436, in handle
    self.handle_one_request()
    ~~~~~~~~~~~~~~~~~~~~~~~^^
  File "/usr/lib/python3.13/http/server.py", line 424, in handle_one_request
    method()
    ~~~~~~^^
  File "/home/ionut/src/3d_tar1090/routes/./route_server", line 163, in do_POST
    ok, route, rtr, al = self.searchRoute(callsign, lat, lon, trk)
                         ~~~~~~~~~~~~~~~~^^^^^^^^^^^^^^^^^^^^^^^^^
  File "/home/ionut/src/3d_tar1090/routes/./route_server", line 126, in searchRoute
    response["plausible"] = calc_plausible(response, float(lat), float(lon), trk)
                            ~~~~~~~~~~~~~~^^^^^^^^^^^^^^^^^^^^^^^^^^^^^^^^^^^^^^^
  File "/home/ionut/src/3d_tar1090/routes/./route_server", line 75, in calc_plausible
    pls = assess_route_plausibility(round(lat, 3), round(lng, 3), trk, round(a["lat"], 3), round(a["lon"], 3), round(b["lat"], 3), round(b["lon"], 3))
  File "/home/ionut/src/3d_tar1090/routes/plausible.py", line 48, in assess_route_plausibility
    heading_error_direct = normalize_heading_diff(aircraft_heading - bearing_origin_to_dest)
                                                  ~~~~~~~~~~~~~~~~~^~~~~~~~~~~~~~~~~~~~~~~~
TypeError: unsupported operand type(s) for -: 'NoneType' and 'float'
----------------------------------------
----------------------------------------
Exception occurred during processing of request from ('10.100.100.163', 49256)
Traceback (most recent call last):
  File "/usr/lib/python3.13/socketserver.py", line 697, in process_request_thread
    self.finish_request(request, client_address)
    ~~~~~~~~~~~~~~~~~~~^^^^^^^^^^^^^^^^^^^^^^^^^
  File "/usr/lib/python3.13/socketserver.py", line 362, in finish_request
    self.RequestHandlerClass(request, client_address, self)
    ~~~~~~~~~~~~~~~~~~~~~~~~^^^^^^^^^^^^^^^^^^^^^^^^^^^^^^^
  File "/usr/lib/python3.13/http/server.py", line 672, in __init__
    super().__init__(*args, **kwargs)
    ~~~~~~~~~~~~~~~~^^^^^^^^^^^^^^^^^
  File "/usr/lib/python3.13/socketserver.py", line 766, in __init__
    self.handle()
    ~~~~~~~~~~~^^
  File "/usr/lib/python3.13/http/server.py", line 436, in handle
    self.handle_one_request()
    ~~~~~~~~~~~~~~~~~~~~~~~^^
  File "/usr/lib/python3.13/http/server.py", line 424, in handle_one_request
    method()
    ~~~~~~^^
  File "/home/ionut/src/3d_tar1090/routes/./route_server", line 163, in do_POST
    ok, route, rtr, al = self.searchRoute(callsign, lat, lon, trk)
                         ~~~~~~~~~~~~~~~~^^^^^^^^^^^^^^^^^^^^^^^^^
  File "/home/ionut/src/3d_tar1090/routes/./route_server", line 126, in searchRoute
    response["plausible"] = calc_plausible(response, float(lat), float(lon), trk)
                            ~~~~~~~~~~~~~~^^^^^^^^^^^^^^^^^^^^^^^^^^^^^^^^^^^^^^^
  File "/home/ionut/src/3d_tar1090/routes/./route_server", line 75, in calc_plausible
    pls = assess_route_plausibility(round(lat, 3), round(lng, 3), trk, round(a["lat"], 3), round(a["lon"], 3), round(b["lat"], 3), round(b["lon"], 3))
  File "/home/ionut/src/3d_tar1090/routes/plausible.py", line 48, in assess_route_plausibility
    heading_error_direct = normalize_heading_diff(aircraft_heading - bearing_origin_to_dest)
                                                  ~~~~~~~~~~~~~~~~~^~~~~~~~~~~~~~~~~~~~~~~~
TypeError: unsupported operand type(s) for -: 'NoneType' and 'float'
----------------------------------------
